生成启动时间为 2018/3/22 17:24:59。
     1>项目“C:\Users\zhxing\Desktop\KCF_WQ\KCF_WQ\KCF_WQ.vcxproj”在节点 2 上(Build 个目标)。
     1>ClCompile:
         C:\Program Files (x86)\Microsoft Visual Studio 14.0\VC\bin\x86_amd64\CL.exe /c /ZI /nologo /W3 /WX- /sdl /Od /D _MBCS /Gm /EHsc /RTC1 /MDd /GS /fp:precise /Zc:wchar_t /Zc:forScope /Zc:inline /Fo"x64\Debug\\" /Fd"x64\Debug\vc140.pdb" /Gd /TP /errorReport:prompt main.cpp
         main.cpp
     1>c:\users\zhxing\desktop\kcf_wq\kcf_wq\kcf.hpp(82): warning C4305: “初始化”: 从“double”到“float”截断
     1>c:\users\zhxing\desktop\kcf_wq\kcf_wq\kcf.hpp(83): warning C4305: “初始化”: 从“double”到“float”截断
     1>c:\users\zhxing\desktop\kcf_wq\kcf_wq\kcf.hpp(87): warning C4305: “初始化”: 从“double”到“float”截断
     1>c:\users\zhxing\desktop\kcf_wq\kcf_wq\kcf.hpp(92): warning C4305: “初始化”: 从“double”到“float”截断
     1>c:\users\zhxing\desktop\kcf_wq\kcf_wq\templatetracking.h(16): warning C4244: “=”: 从“double”转换到“int”，可能丢失数据
     1>c:\users\zhxing\desktop\kcf_wq\kcf_wq\templatetracking.h(17): warning C4244: “=”: 从“double”转换到“int”，可能丢失数据
     1>c:\users\zhxing\desktop\kcf_wq\kcf_wq\main.cpp(120): warning C4244: “初始化”: 从“double”转换到“unsigned int”，可能丢失数据
     1>c:\users\zhxing\desktop\kcf_wq\kcf_wq\main.cpp(190): warning C4244: “参数”: 从“double”转换到“int”，可能丢失数据
     1>c:\users\zhxing\desktop\kcf_wq\kcf_wq\main.cpp(102): warning C4101: “toc”: 未引用的局部变量
     1>c:\users\zhxing\desktop\kcf_wq\kcf_wq\main.cpp(253): warning C4267: “初始化”: 从“size_t”转换到“int”，可能丢失数据
       Link:
         C:\Program Files (x86)\Microsoft Visual Studio 14.0\VC\bin\x86_amd64\link.exe /ERRORREPORT:PROMPT /OUT:"C:\Users\zhxing\Desktop\KCF_WQ\x64\Debug\KCF_WQ.exe" /INCREMENTAL /NOLOGO opencv_world330.lib opencv_world330d.lib kernel32.lib user32.lib gdi32.lib winspool.lib comdlg32.lib advapi32.lib shell32.lib ole32.lib oleaut32.lib uuid.lib odbc32.lib odbccp32.lib /MANIFEST /MANIFESTUAC:"level='asInvoker' uiAccess='false'" /manifest:embed /Debug /PDB:"C:\Users\zhxing\Desktop\KCF_WQ\x64\Debug\KCF_WQ.pdb" /SUBSYSTEM:CONSOLE /TLBID:1 /DYNAMICBASE /NXCOMPAT /IMPLIB:"C:\Users\zhxing\Desktop\KCF_WQ\x64\Debug\KCF_WQ.lib" /MACHINE:X64 x64\Debug\gradientMex.obj
         x64\Debug\kcf.obj
         x64\Debug\main.obj
         KCF_WQ.vcxproj -> C:\Users\zhxing\Desktop\KCF_WQ\x64\Debug\KCF_WQ.exe
     1>已完成生成项目“C:\Users\zhxing\Desktop\KCF_WQ\KCF_WQ\KCF_WQ.vcxproj”(Build 个目标)的操作。

已成功生成。

已用时间 00:00:03.10
