  kcf.cpp
c:\users\zhxing\desktop\code_of_paper_about_tracking\kcf_interpolation\kcf_wq\kcf.hpp(83): warning C4305: “初始化”: 从“double”到“float”截断
c:\users\zhxing\desktop\code_of_paper_about_tracking\kcf_interpolation\kcf_wq\kcf.hpp(84): warning C4305: “初始化”: 从“double”到“float”截断
c:\users\zhxing\desktop\code_of_paper_about_tracking\kcf_interpolation\kcf_wq\kcf.hpp(88): warning C4305: “初始化”: 从“double”到“float”截断
c:\users\zhxing\desktop\code_of_paper_about_tracking\kcf_interpolation\kcf_wq\kcf.hpp(93): warning C4305: “初始化”: 从“double”到“float”截断
kcf.cpp(11): warning C4305: “=”: 从“double”到“float”截断
kcf.cpp(12): warning C4305: “=”: 从“double”到“float”截断
kcf.cpp(15): warning C4305: “=”: 从“double”到“float”截断
kcf.cpp(17): warning C4305: “=”: 从“double”到“float”截断
kcf.cpp(25): warning C4305: “=”: 从“double”到“float”截断
kcf.cpp(299): warning C4244: “=”: 从“double”转换到“float”，可能丢失数据
kcf.cpp(301): warning C4244: “=”: 从“double”转换到“float”，可能丢失数据
kcf.cpp(380): warning C4244: “初始化”: 从“unsigned __int64”转换到“float”，可能丢失数据
kcf.cpp(396): warning C4244: “初始化”: 从“unsigned __int64”转换到“float”，可能丢失数据
kcf.cpp(410): warning C4244: “初始化”: 从“unsigned __int64”转换到“float”，可能丢失数据
  main.cpp
c:\users\zhxing\desktop\code_of_paper_about_tracking\kcf_interpolation\kcf_wq\kcf.hpp(83): warning C4305: “初始化”: 从“double”到“float”截断
c:\users\zhxing\desktop\code_of_paper_about_tracking\kcf_interpolation\kcf_wq\kcf.hpp(84): warning C4305: “初始化”: 从“double”到“float”截断
c:\users\zhxing\desktop\code_of_paper_about_tracking\kcf_interpolation\kcf_wq\kcf.hpp(88): warning C4305: “初始化”: 从“double”到“float”截断
c:\users\zhxing\desktop\code_of_paper_about_tracking\kcf_interpolation\kcf_wq\kcf.hpp(93): warning C4305: “初始化”: 从“double”到“float”截断
c:\users\zhxing\desktop\code_of_paper_about_tracking\kcf_interpolation\kcf_wq\TemplateTracking.h(16): warning C4244: “=”: 从“double”转换到“int”，可能丢失数据
c:\users\zhxing\desktop\code_of_paper_about_tracking\kcf_interpolation\kcf_wq\TemplateTracking.h(17): warning C4244: “=”: 从“double”转换到“int”，可能丢失数据
main.cpp(94): warning C4244: “参数”: 从“double”转换到“int”，可能丢失数据
main.cpp(197): warning C4101: “end”: 未引用的局部变量
main.cpp(365): warning C4267: “初始化”: 从“size_t”转换到“int”，可能丢失数据
  正在生成代码
  33 of 837 functions ( 3.9%) were compiled, the rest were copied from previous compilation.
    0 functions were new in current compilation
    15 functions had inline decision re-evaluated but remain unchanged
  已完成代码的生成
  KCF_WQ.vcxproj -> C:\Users\zhxing\Desktop\code_of_paper_about_tracking\KCF_interpolation\x64\Release\KCF_WQ.exe
  KCF_WQ.vcxproj -> C:\Users\zhxing\Desktop\code_of_paper_about_tracking\KCF_interpolation\x64\Release\KCF_WQ.pdb (Full PDB)
