生成启动时间为 2017/12/14 17:15:54。
     1>项目“C:\Users\zhxing\Desktop\论文代码\KCF_WQ\cut_video\cut_video.vcxproj”在节点 2 上(Build 个目标)。
     1>ClCompile:
         C:\Program Files (x86)\Microsoft Visual Studio 14.0\VC\bin\x86_amd64\CL.exe /c /Zi /nologo /W3 /WX- /sdl /O2 /Oi /GL /D _MBCS /Gm- /EHsc /MD /GS /Gy /fp:precise /Zc:wchar_t /Zc:forScope /Zc:inline /Fo"x64\Release\\" /Fd"x64\Release\vc140.pdb" /Gd /TP /errorReport:prompt main.cpp
         main.cpp
     1>main.cpp(51): warning C4244: “初始化”: 从“double”转换到“int”，可能丢失数据
     1>main.cpp(52): warning C4244: “初始化”: 从“double”转换到“int”，可能丢失数据
     1>main.cpp(64): warning C4018: “>=”: 有符号/无符号不匹配
     1>main.cpp(64): warning C4018: “<”: 有符号/无符号不匹配
       Link:
         C:\Program Files (x86)\Microsoft Visual Studio 14.0\VC\bin\x86_amd64\link.exe /ERRORREPORT:PROMPT /OUT:"C:\Users\zhxing\Desktop\论文代码\KCF_WQ\x64\Release\cut_video.exe" /NOLOGO opencv_world330.lib opencv_world330d.lib kernel32.lib user32.lib gdi32.lib winspool.lib comdlg32.lib advapi32.lib shell32.lib ole32.lib oleaut32.lib uuid.lib odbc32.lib odbccp32.lib /MANIFEST /MANIFESTUAC:"level='asInvoker' uiAccess='false'" /manifest:embed /Debug /PDB:"C:\Users\zhxing\Desktop\论文代码\KCF_WQ\x64\Release\cut_video.pdb" /SUBSYSTEM:CONSOLE /OPT:REF /OPT:ICF /LTCG:incremental /TLBID:1 /DYNAMICBASE /NXCOMPAT /IMPLIB:"C:\Users\zhxing\Desktop\论文代码\KCF_WQ\x64\Release\cut_video.lib" /MACHINE:X64 x64\Release\main.obj
         正在生成代码
         1 of 452 functions ( 0.2%) were compiled, the rest were copied from previous compilation.
           0 functions were new in current compilation
           0 functions had inline decision re-evaluated but remain unchanged
         已完成代码的生成
         cut_video.vcxproj -> C:\Users\zhxing\Desktop\论文代码\KCF_WQ\x64\Release\cut_video.exe
     1>已完成生成项目“C:\Users\zhxing\Desktop\论文代码\KCF_WQ\cut_video\cut_video.vcxproj”(Build 个目标)的操作。

已成功生成。

已用时间 00:00:01.96
